{
  "stats": {
    "suites": 1,
    "tests": 1,
    "passes": 1,
    "pending": 0,
    "failures": 0,
    "start": "2026-01-05T09:18:47.799Z",
    "end": "2026-01-05T09:18:49.740Z",
    "duration": 1941,
    "testsRegistered": 1,
    "passPercent": 100,
    "pendingPercent": 0,
    "other": 0,
    "hasOther": false,
    "skipped": 0,
    "hasSkipped": false
  },
  "results": [
    {
      "uuid": "95dbe42a-dc06-4929-ab1e-cf15ae4f080a",
      "title": "",
      "fullFile": "cypress\\e2e\\footer.cy.js",
      "file": "cypress\\e2e\\footer.cy.js",
      "beforeHooks": [],
      "afterHooks": [],
      "tests": [],
      "suites": [
        {
          "uuid": "889315ca-dc6a-441b-ad5f-e4acf7ceebf5",
          "title": "Footer",
          "fullFile": "",
          "file": "",
          "beforeHooks": [],
          "afterHooks": [],
          "tests": [
            {
              "title": "Footer",
              "fullTitle": "Footer Footer",
              "timedOut": null,
              "duration": 1879,
              "state": "passed",
              "speed": "fast",
              "pass": true,
              "fail": false,
              "pending": false,
              "context": null,
              "code": "// Validate 'Download Catalogue'\ncy.get('#brx-footer').scrollIntoView();\nconst socialMedia = [{\n  selector: '#brxe-ewmame > li:nth-child(1) > a',\n  value: 'Rayhan'\n}, {\n  selector: '#brxe-ewmame > li:nth-child(2) > a',\n  value: 'Rayhan'\n}, {\n  selector: '#brxe-ewmame > li:nth-child(3) > a',\n  value: 'Rayhan'\n}, {\n  selector: '#brxe-ewmame > li:nth-child(4) > a',\n  value: 'Rayhan'\n}, {\n  selector: '#brxe-ewmame > li:nth-child(5) > a',\n  value: 'Rayhan'\n}];\nsocialMedia.forEach(({\n  selector,\n  value\n}) => {\n  cy.get(selector).click();\n});",
              "err": {},
              "uuid": "622f3c71-3f17-4f15-bd63-c0d08dae28b3",
              "parentUUID": "889315ca-dc6a-441b-ad5f-e4acf7ceebf5",
              "isHook": false,
              "skipped": false
            }
          ],
          "suites": [],
          "passes": [
            "622f3c71-3f17-4f15-bd63-c0d08dae28b3"
          ],
          "failures": [],
          "pending": [],
          "skipped": [],
          "duration": 1879,
          "root": false,
          "rootEmpty": false,
          "_timeout": 2000
        }
      ],
      "passes": [],
      "failures": [],
      "pending": [],
      "skipped": [],
      "duration": 0,
      "root": true,
      "rootEmpty": true,
      "_timeout": 2000
    }
  ],
  "meta": {
    "mocha": {
      "version": "7.2.0"
    },
    "mochawesome": {
      "options": {
        "quiet": false,
        "reportFilename": "mochawesome",
        "saveHtml": true,
        "saveJson": true,
        "consoleReporter": "spec",
        "useInlineDiffs": false,
        "code": true
      },
      "version": "7.1.4"
    },
    "marge": {
      "options": {
        "reportDir": "cypress/reports",
        "overwrite": false,
        "html": true,
        "json": true
      },
      "version": "6.3.2"
    }
  }
}